<?xml version="1.0" encoding="UTF-8"?>
<testng-results ignored="0" total="2" passed="2" failed="0" skipped="0">
  <reporter-output>
  </reporter-output>
  <suite started-at="2021-08-04T12:05:30 SGT" name="Suite" finished-at="2021-08-04T12:06:24 SGT" duration-ms="53598">
    <groups>
    </groups>
    <test started-at="2021-08-04T12:05:30 SGT" name="Test" finished-at="2021-08-04T12:06:24 SGT" duration-ms="53598">
      <class name="TestNG.EditContactTest">
        <test-method is-config="true" signature="launchBrowser()[pri:0, instance:TestNG.EditContactTest@47987356]" started-at="2021-08-04T12:05:35 SGT" name="launchBrowser" finished-at="2021-08-04T12:05:38 SGT" duration-ms="3510" status="PASS">
          <reporter-output>
          </reporter-output>
        </test-method> <!-- launchBrowser -->
        <test-method signature="EditContact()[pri:0, instance:TestNG.EditContactTest@47987356]" started-at="2021-08-04T12:05:38 SGT" name="EditContact" finished-at="2021-08-04T12:05:57 SGT" duration-ms="18935" status="PASS">
          <reporter-output>
          </reporter-output>
        </test-method> <!-- EditContact -->
        <test-method is-config="true" signature="terminateBrowser()[pri:0, instance:TestNG.EditContactTest@47987356]" started-at="2021-08-04T12:06:20 SGT" name="terminateBrowser" finished-at="2021-08-04T12:06:24 SGT" duration-ms="4152" status="PASS">
          <reporter-output>
          </reporter-output>
        </test-method> <!-- terminateBrowser -->
      </class> <!-- TestNG.EditContactTest -->
      <class name="TestNG.CreateNewContactTest">
        <test-method is-config="true" signature="launchBrowser()[pri:0, instance:TestNG.CreateNewContactTest@a530d0a]" started-at="2021-08-04T12:05:30 SGT" name="launchBrowser" finished-at="2021-08-04T12:05:35 SGT" duration-ms="4131" status="PASS">
          <reporter-output>
          </reporter-output>
        </test-method> <!-- launchBrowser -->
        <test-method signature="createNewContact()[pri:0, instance:TestNG.CreateNewContactTest@a530d0a]" started-at="2021-08-04T12:05:57 SGT" name="createNewContact" finished-at="2021-08-04T12:06:16 SGT" duration-ms="18704" status="PASS">
          <reporter-output>
          </reporter-output>
        </test-method> <!-- createNewContact -->
        <test-method is-config="true" signature="terminateBrowser()[pri:0, instance:TestNG.CreateNewContactTest@a530d0a]" started-at="2021-08-04T12:06:16 SGT" name="terminateBrowser" finished-at="2021-08-04T12:06:20 SGT" duration-ms="4134" status="PASS">
          <reporter-output>
          </reporter-output>
        </test-method> <!-- terminateBrowser -->
      </class> <!-- TestNG.CreateNewContactTest -->
    </test> <!-- Test -->
  </suite> <!-- Suite -->
</testng-results>
